<?xml version="1.0" encoding="UTF-8"?>
<!-- Generated by org.testng.reporters.JUnitXMLReporter -->
<testsuite ignored="2" hostname="Niranjan" failures="0" tests="1" name="Test" time="0.038" errors="0" timestamp="2024-07-31T10:15:48 IST">
  <testcase classname="com.seleniumprojectniranjan.qa.testcases.login" name="@AfterTest TearDown" time="0.003">
    <failure type="java.lang.NullPointerException" message="Cannot invoke &amp;quot;org.openqa.selenium.WebDriver.quit()&amp;quot; because &amp;quot;com.seleniumprojectniranjan.qa.testcases.login.driver&amp;quot; is null">
      <![CDATA[java.lang.NullPointerException: Cannot invoke "org.openqa.selenium.WebDriver.quit()" because "com.seleniumprojectniranjan.qa.testcases.login.driver" is null
at com.seleniumprojectniranjan.qa.testcases.login.TearDown(login.java:34)
... Removed 22 stack frames]]>
    </failure>
  </testcase> <!-- @AfterTest TearDown -->
  <testcase classname="com.seleniumprojectniranjan.qa.testcases.login" name="LoginWithValidCredentials" time="0.0">
    <skipped/>
  </testcase> <!-- LoginWithValidCredentials -->
  <testcase classname="com.seleniumprojectniranjan.qa.testcases.login" name="LoginWithInValidPassword" time="0.0">
    <ignored/>
  </testcase> <!-- LoginWithInValidPassword -->
  <testcase classname="com.seleniumprojectniranjan.qa.testcases.login" name="LoginWithInValidUserName" time="0.0">
    <ignored/>
  </testcase> <!-- LoginWithInValidUserName -->
</testsuite> <!-- Test -->
