<?xml version="1.0" encoding="UTF-8"?>
<!-- Generated by org.testng.reporters.JUnitXMLReporter -->
<testsuite ignored="1" hostname="Niranjan" failures="0" tests="8" name="Niranjan Automation Tests" time="189.425" errors="0" timestamp="2024-08-02T13:58:37 IST">
  <testcase classname="com.seleniumprojectniranjan.qa.testcases.login" name="LoginWithInValidPassword" time="5.984"/>
  <testcase classname="com.seleniumprojectniranjan.qa.testcases.login" name="LoginWithInValidUserName" time="4.918"/>
  <testcase classname="com.seleniumprojectniranjan.qa.testcases.login" name="LoginWithValidCredentials" time="7.721"/>
  <testcase classname="com.seleniumprojectniranjan.qa.testcases.register" name="VerifyExistingEmailInEmailField" time="1.466"/>
  <testcase classname="com.seleniumprojectniranjan.qa.testcases.register" name="VerifyInvalidEmailInEmailField" time="1.165"/>
  <testcase classname="com.seleniumprojectniranjan.qa.testcases.register" name="VerifyInvalidPasswordInPasswordField" time="1.165"/>
  <testcase classname="com.seleniumprojectniranjan.qa.testcases.register" name="VerifyInvalidPhoneNoInPhoneNoField" time="0.804"/>
  <testcase classname="com.seleniumprojectniranjan.qa.testcases.products" name="Verifyproducts" time="8.631"/>
  <testcase classname="com.seleniumprojectniranjan.qa.testcases.register" name="RegistrationWithvalidCredentials" time="0.0">
    <ignored/>
  </testcase> <!-- RegistrationWithvalidCredentials -->
</testsuite> <!-- Niranjan Automation Tests -->
