<?xml version="1.0" encoding="UTF-8"?>
<testng-results ignored="1" total="9" passed="8" failed="0" skipped="0">
  <reporter-output>
  </reporter-output>
  <suite started-at="2024-08-02T13:55:28 IST" name="Niranjan Automation Suite" finished-at="2024-08-02T13:58:37 IST" duration-ms="189425">
    <groups>
    </groups>
    <test started-at="2024-08-02T13:55:28 IST" name="Niranjan Automation Tests" finished-at="2024-08-02T13:58:37 IST" duration-ms="189425">
      <class name="com.seleniumprojectniranjan.qa.testcases.products">
        <test-method is-config="true" signature="SetUp()[pri:0, instance:com.seleniumprojectniranjan.qa.testcases.products@71809907]" started-at="2024-08-02T13:58:14 IST" name="SetUp" finished-at="2024-08-02T13:58:28 IST" duration-ms="13546" status="PASS">
          <reporter-output>
          </reporter-output>
        </test-method> <!-- SetUp -->
        <test-method signature="Verifyproducts(java.lang.String,java.lang.String)[pri:0, instance:com.seleniumprojectniranjan.qa.testcases.products@71809907]" started-at="2024-08-02T13:58:28 IST" name="Verifyproducts" data-provider="supplyTestData" finished-at="2024-08-02T13:58:36 IST" duration-ms="8631" status="PASS">
          <params>
            <param index="0">
              <value>
                <![CDATA[niranjanpvprojects@gmail.com]]>
              </value>
            </param>
            <param index="1">
              <value>
                <![CDATA[niranjanprojects10$]]>
              </value>
            </param>
          </params>
          <reporter-output>
          </reporter-output>
        </test-method> <!-- Verifyproducts -->
        <test-method is-config="true" signature="TearDown()[pri:0, instance:com.seleniumprojectniranjan.qa.testcases.products@71809907]" started-at="2024-08-02T13:58:37 IST" name="TearDown" finished-at="2024-08-02T13:58:37 IST" duration-ms="121" status="PASS">
          <reporter-output>
          </reporter-output>
        </test-method> <!-- TearDown -->
      </class> <!-- com.seleniumprojectniranjan.qa.testcases.products -->
      <class name="com.seleniumprojectniranjan.qa.testcases.register">
        <test-method is-config="true" signature="SetUp()[pri:0, instance:com.seleniumprojectniranjan.qa.testcases.register@6e20b53a]" started-at="2024-08-02T13:56:49 IST" name="SetUp" finished-at="2024-08-02T13:57:10 IST" duration-ms="20618" status="PASS">
          <reporter-output>
          </reporter-output>
        </test-method> <!-- SetUp -->
        <test-method signature="VerifyExistingEmailInEmailField()[pri:0, instance:com.seleniumprojectniranjan.qa.testcases.register@6e20b53a]" started-at="2024-08-02T13:57:10 IST" name="VerifyExistingEmailInEmailField" finished-at="2024-08-02T13:57:11 IST" duration-ms="1466" status="PASS">
          <reporter-output>
          </reporter-output>
        </test-method> <!-- VerifyExistingEmailInEmailField -->
        <test-method is-config="true" signature="SetUp()[pri:0, instance:com.seleniumprojectniranjan.qa.testcases.register@6e20b53a]" started-at="2024-08-02T13:57:11 IST" name="SetUp" finished-at="2024-08-02T13:57:32 IST" duration-ms="20689" status="PASS">
          <reporter-output>
          </reporter-output>
        </test-method> <!-- SetUp -->
        <test-method signature="VerifyInvalidEmailInEmailField()[pri:0, instance:com.seleniumprojectniranjan.qa.testcases.register@6e20b53a]" started-at="2024-08-02T13:57:32 IST" name="VerifyInvalidEmailInEmailField" finished-at="2024-08-02T13:57:33 IST" duration-ms="1165" status="PASS">
          <reporter-output>
          </reporter-output>
        </test-method> <!-- VerifyInvalidEmailInEmailField -->
        <test-method is-config="true" signature="SetUp()[pri:0, instance:com.seleniumprojectniranjan.qa.testcases.register@6e20b53a]" started-at="2024-08-02T13:57:33 IST" name="SetUp" finished-at="2024-08-02T13:57:52 IST" duration-ms="18858" status="PASS">
          <reporter-output>
          </reporter-output>
        </test-method> <!-- SetUp -->
        <test-method signature="VerifyInvalidPasswordInPasswordField()[pri:0, instance:com.seleniumprojectniranjan.qa.testcases.register@6e20b53a]" started-at="2024-08-02T13:57:52 IST" name="VerifyInvalidPasswordInPasswordField" finished-at="2024-08-02T13:57:53 IST" duration-ms="1165" status="PASS">
          <reporter-output>
          </reporter-output>
        </test-method> <!-- VerifyInvalidPasswordInPasswordField -->
        <test-method is-config="true" signature="SetUp()[pri:0, instance:com.seleniumprojectniranjan.qa.testcases.register@6e20b53a]" started-at="2024-08-02T13:57:53 IST" name="SetUp" finished-at="2024-08-02T13:58:13 IST" duration-ms="20336" status="PASS">
          <reporter-output>
          </reporter-output>
        </test-method> <!-- SetUp -->
        <test-method signature="VerifyInvalidPhoneNoInPhoneNoField()[pri:0, instance:com.seleniumprojectniranjan.qa.testcases.register@6e20b53a]" started-at="2024-08-02T13:58:13 IST" name="VerifyInvalidPhoneNoInPhoneNoField" finished-at="2024-08-02T13:58:14 IST" duration-ms="804" status="PASS">
          <reporter-output>
          </reporter-output>
        </test-method> <!-- VerifyInvalidPhoneNoInPhoneNoField -->
        <test-method is-config="true" signature="TearDown()[pri:0, instance:com.seleniumprojectniranjan.qa.testcases.register@6e20b53a]" started-at="2024-08-02T13:58:37 IST" name="TearDown" finished-at="2024-08-02T13:58:37 IST" duration-ms="216" status="PASS">
          <reporter-output>
          </reporter-output>
        </test-method> <!-- TearDown -->
      </class> <!-- com.seleniumprojectniranjan.qa.testcases.register -->
      <class name="com.seleniumprojectniranjan.qa.testcases.login">
        <test-method is-config="true" signature="SetUp()[pri:0, instance:com.seleniumprojectniranjan.qa.testcases.login@62150f9e]" started-at="2024-08-02T13:55:28 IST" name="SetUp" finished-at="2024-08-02T13:55:51 IST" duration-ms="22601" status="PASS">
          <reporter-output>
          </reporter-output>
        </test-method> <!-- SetUp -->
        <test-method signature="LoginWithInValidPassword()[pri:0, instance:com.seleniumprojectniranjan.qa.testcases.login@62150f9e]" started-at="2024-08-02T13:55:51 IST" name="LoginWithInValidPassword" finished-at="2024-08-02T13:55:57 IST" duration-ms="5984" status="PASS">
          <reporter-output>
          </reporter-output>
        </test-method> <!-- LoginWithInValidPassword -->
        <test-method is-config="true" signature="SetUp()[pri:0, instance:com.seleniumprojectniranjan.qa.testcases.login@62150f9e]" started-at="2024-08-02T13:55:57 IST" name="SetUp" finished-at="2024-08-02T13:56:15 IST" duration-ms="18205" status="PASS">
          <reporter-output>
          </reporter-output>
        </test-method> <!-- SetUp -->
        <test-method signature="LoginWithInValidUserName()[pri:0, instance:com.seleniumprojectniranjan.qa.testcases.login@62150f9e]" started-at="2024-08-02T13:56:15 IST" name="LoginWithInValidUserName" finished-at="2024-08-02T13:56:20 IST" duration-ms="4918" status="PASS">
          <reporter-output>
          </reporter-output>
        </test-method> <!-- LoginWithInValidUserName -->
        <test-method is-config="true" signature="SetUp()[pri:0, instance:com.seleniumprojectniranjan.qa.testcases.login@62150f9e]" started-at="2024-08-02T13:56:22 IST" name="SetUp" finished-at="2024-08-02T13:56:41 IST" duration-ms="19292" status="PASS">
          <reporter-output>
          </reporter-output>
        </test-method> <!-- SetUp -->
        <test-method signature="LoginWithValidCredentials(java.lang.String,java.lang.String)[pri:0, instance:com.seleniumprojectniranjan.qa.testcases.login@62150f9e]" started-at="2024-08-02T13:56:41 IST" name="LoginWithValidCredentials" data-provider="supplyTestData" finished-at="2024-08-02T13:56:49 IST" duration-ms="7721" status="PASS">
          <params>
            <param index="0">
              <value>
                <![CDATA[niranjanpvprojects@gmail.com]]>
              </value>
            </param>
            <param index="1">
              <value>
                <![CDATA[niranjanprojects10$]]>
              </value>
            </param>
          </params>
          <reporter-output>
          </reporter-output>
        </test-method> <!-- LoginWithValidCredentials -->
        <test-method is-config="true" signature="TearDown()[pri:0, instance:com.seleniumprojectniranjan.qa.testcases.login@62150f9e]" started-at="2024-08-02T13:58:36 IST" name="TearDown" finished-at="2024-08-02T13:58:37 IST" duration-ms="721" status="PASS">
          <reporter-output>
          </reporter-output>
        </test-method> <!-- TearDown -->
      </class> <!-- com.seleniumprojectniranjan.qa.testcases.login -->
    </test> <!-- Niranjan Automation Tests -->
  </suite> <!-- Niranjan Automation Suite -->
</testng-results>
